This is pdfTeX, Version 3.141592653-2.6-1.40.28 (TeX Live 2025) (preloaded format=pdflatex 2026.1.1)  5 JAN 2026 03:18
entering extended mode
 \write18 enabled.
 file:line:error style messages enabled.
 %&-line parsing enabled.
**gdsfactory.tex
(./gdsfactory.tex
LaTeX2e <2025-11-01>
L3 programming layer <2025-12-29>
(/opt/texlive/texdir/texmf-dist/tex/latex/base/article.cls
Document Class: article 2025/01/22 v1.4n Standard LaTeX document class
(/opt/texlive/texdir/texmf-dist/tex/latex/base/size10.clo
File: size10.clo 2025/01/22 v1.4n Standard LaTeX file (size option)
)
\c@part=\count275
\c@section=\count276
\c@subsection=\count277
\c@subsubsection=\count278
\c@paragraph=\count279
\c@subparagraph=\count280
\c@figure=\count281
\c@table=\count282
\abovecaptionskip=\skip49
\belowcaptionskip=\skip50
\bibindent=\dimen148
) (./opticameet3.sty
Package: opticameet3 2023/07/31 Optica Meeting Style v3

(/opt/texlive/texdir/texmf-dist/tex/latex/psnfss/mathptmx.sty
Package: mathptmx 2020/03/25 PSNFSS-v9.3 Times w/ Math, improved (SPQR, WaS) 
LaTeX Font Info:    Redeclaring symbol font `operators' on input line 28.
LaTeX Font Info:    Overwriting symbol font `operators' in version `normal'
(Font)                  OT1/cmr/m/n --> OT1/ztmcm/m/n on input line 28.
LaTeX Font Info:    Overwriting symbol font `operators' in version `bold'
(Font)                  OT1/cmr/bx/n --> OT1/ztmcm/m/n on input line 28.
LaTeX Font Info:    Redeclaring symbol font `letters' on input line 29.
LaTeX Font Info:    Overwriting symbol font `letters' in version `normal'
(Font)                  OML/cmm/m/it --> OML/ztmcm/m/it on input line 29.
LaTeX Font Info:    Overwriting symbol font `letters' in version `bold'
(Font)                  OML/cmm/b/it --> OML/ztmcm/m/it on input line 29.
LaTeX Font Info:    Redeclaring symbol font `symbols' on input line 30.
LaTeX Font Info:    Overwriting symbol font `symbols' in version `normal'
(Font)                  OMS/cmsy/m/n --> OMS/ztmcm/m/n on input line 30.
LaTeX Font Info:    Overwriting symbol font `symbols' in version `bold'
(Font)                  OMS/cmsy/b/n --> OMS/ztmcm/m/n on input line 30.
LaTeX Font Info:    Redeclaring symbol font `largesymbols' on input line 31.
LaTeX Font Info:    Overwriting symbol font `largesymbols' in version `normal'
(Font)                  OMX/cmex/m/n --> OMX/ztmcm/m/n on input line 31.
LaTeX Font Info:    Overwriting symbol font `largesymbols' in version `bold'
(Font)                  OMX/cmex/m/n --> OMX/ztmcm/m/n on input line 31.
\symbold=\mathgroup4
\symitalic=\mathgroup5
LaTeX Font Info:    Redeclaring math alphabet \mathbf on input line 34.
LaTeX Font Info:    Overwriting math alphabet `\mathbf' in version `normal'
(Font)                  OT1/cmr/bx/n --> OT1/ptm/bx/n on input line 34.
LaTeX Font Info:    Overwriting math alphabet `\mathbf' in version `bold'
(Font)                  OT1/cmr/bx/n --> OT1/ptm/bx/n on input line 34.
LaTeX Font Info:    Redeclaring math alphabet \mathit on input line 35.
LaTeX Font Info:    Overwriting math alphabet `\mathit' in version `normal'
(Font)                  OT1/cmr/m/it --> OT1/ptm/m/it on input line 35.
LaTeX Font Info:    Overwriting math alphabet `\mathit' in version `bold'
(Font)                  OT1/cmr/bx/it --> OT1/ptm/m/it on input line 35.
LaTeX Info: Redefining \hbar on input line 50.
)
(/opt/texlive/texdir/texmf-dist/tex/latex/cite/cite.sty
LaTeX Info: Redefining \cite on input line 302.
LaTeX Info: Redefining \nocite on input line 332.
Package: cite 2015/02/27  v 5.5
)
(/opt/texlive/texdir/texmf-dist/tex/latex/graphics/graphicx.sty
Package: graphicx 2024/12/31 v1.2e Enhanced LaTeX Graphics (DPC,SPQR)

(/opt/texlive/texdir/texmf-dist/tex/latex/graphics/keyval.sty
Package: keyval 2022/05/29 v1.15 key=value parser (DPC)
\KV@toks@=\toks17
)
(/opt/texlive/texdir/texmf-dist/tex/latex/graphics/graphics.sty
Package: graphics 2024/08/06 v1.4g Standard LaTeX Graphics (DPC,SPQR)

(/opt/texlive/texdir/texmf-dist/tex/latex/graphics/trig.sty
Package: trig 2023/12/02 v1.11 sin cos tan (DPC)
)
(/opt/texlive/texdir/texmf-dist/tex/latex/graphics-cfg/graphics.cfg
File: graphics.cfg 2016/06/04 v1.11 sample graphics configuration
)
Package graphics Info: Driver file: pdftex.def on input line 106.

(/opt/texlive/texdir/texmf-dist/tex/latex/graphics-def/pdftex.def
File: pdftex.def 2025/09/29 v1.2d Graphics/color driver for pdftex
))
\Gin@req@height=\dimen149
\Gin@req@width=\dimen150
)
(/opt/texlive/texdir/texmf-dist/tex/latex/url/url.sty
\Urlmuskip=\muskip17
Package: url 2013/09/16  ver 3.4  Verb mode for urls, etc.
))
(/opt/texlive/texdir/texmf-dist/tex/latex/amsmath/amsmath.sty
Package: amsmath 2025/07/09 v2.17z AMS math features
\@mathmargin=\skip51

For additional information on amsmath, use the `?' option.
(/opt/texlive/texdir/texmf-dist/tex/latex/amsmath/amstext.sty
Package: amstext 2024/11/17 v2.01 AMS text

(/opt/texlive/texdir/texmf-dist/tex/latex/amsmath/amsgen.sty
File: amsgen.sty 1999/11/30 v2.0 generic functions
\@emptytoks=\toks18
\ex@=\dimen151
))
(/opt/texlive/texdir/texmf-dist/tex/latex/amsmath/amsbsy.sty
Package: amsbsy 1999/11/29 v1.2d Bold Symbols
\pmbraise@=\dimen152
)
(/opt/texlive/texdir/texmf-dist/tex/latex/amsmath/amsopn.sty
Package: amsopn 2022/04/08 v2.04 operator names
)
\inf@bad=\count283
LaTeX Info: Redefining \frac on input line 233.
\uproot@=\count284
\leftroot@=\count285
LaTeX Info: Redefining \overline on input line 398.
LaTeX Info: Redefining \colon on input line 409.
\classnum@=\count286
\DOTSCASE@=\count287
LaTeX Info: Redefining \ldots on input line 495.
LaTeX Info: Redefining \dots on input line 498.
LaTeX Info: Redefining \cdots on input line 619.
\Mathstrutbox@=\box53
\strutbox@=\box54
LaTeX Info: Redefining \big on input line 721.
LaTeX Info: Redefining \Big on input line 722.
LaTeX Info: Redefining \bigg on input line 723.
LaTeX Info: Redefining \Bigg on input line 724.
\big@size=\dimen153
LaTeX Font Info:    Redeclaring font encoding OML on input line 742.
LaTeX Font Info:    Redeclaring font encoding OMS on input line 743.
\macc@depth=\count288
LaTeX Info: Redefining \bmod on input line 904.
LaTeX Info: Redefining \pmod on input line 909.
LaTeX Info: Redefining \smash on input line 939.
LaTeX Info: Redefining \relbar on input line 969.
LaTeX Info: Redefining \Relbar on input line 970.
\c@MaxMatrixCols=\count289
\dotsspace@=\muskip18
\c@parentequation=\count290
\dspbrk@lvl=\count291
\tag@help=\toks19
\row@=\count292
\column@=\count293
\maxfields@=\count294
\andhelp@=\toks20
\eqnshift@=\dimen154
\alignsep@=\dimen155
\tagshift@=\dimen156
\tagwidth@=\dimen157
\totwidth@=\dimen158
\lineht@=\dimen159
\@envbody=\toks21
\multlinegap=\skip52
\multlinetaggap=\skip53
\mathdisplay@stack=\toks22
LaTeX Info: Redefining \[ on input line 2950.
LaTeX Info: Redefining \] on input line 2951.
)
(/opt/texlive/texdir/texmf-dist/tex/latex/amsfonts/amssymb.sty
Package: amssymb 2013/01/14 v3.01 AMS font symbols

(/opt/texlive/texdir/texmf-dist/tex/latex/amsfonts/amsfonts.sty
Package: amsfonts 2013/01/14 v3.01 Basic AMSFonts support
\symAMSa=\mathgroup6
\symAMSb=\mathgroup7
LaTeX Font Info:    Overwriting math alphabet `\mathfrak' in version `bold'
(Font)                  U/euf/m/n --> U/euf/b/n on input line 106.
))
(/opt/texlive/texdir/texmf-dist/tex/latex/hyperref/hyperref.sty
Package: hyperref 2025-07-12 v7.01o Hypertext links for LaTeX

(/opt/texlive/texdir/texmf-dist/tex/generic/iftex/iftex.sty
Package: iftex 2024/12/12 v1.0g TeX engine tests
)
(/opt/texlive/texdir/texmf-dist/tex/latex/kvsetkeys/kvsetkeys.sty
Package: kvsetkeys 2022-10-05 v1.19 Key value parser (HO)
)
(/opt/texlive/texdir/texmf-dist/tex/generic/kvdefinekeys/kvdefinekeys.sty
Package: kvdefinekeys 2019-12-19 v1.6 Define keys (HO)
)
(/opt/texlive/texdir/texmf-dist/tex/generic/pdfescape/pdfescape.sty
Package: pdfescape 2019/12/09 v1.15 Implements pdfTeX's escape features (HO)

(/opt/texlive/texdir/texmf-dist/tex/generic/ltxcmds/ltxcmds.sty
Package: ltxcmds 2023-12-04 v1.26 LaTeX kernel commands for general use (HO)
)
(/opt/texlive/texdir/texmf-dist/tex/generic/pdftexcmds/pdftexcmds.sty
Package: pdftexcmds 2020-06-27 v0.33 Utility functions of pdfTeX for LuaTeX (HO
)

(/opt/texlive/texdir/texmf-dist/tex/generic/infwarerr/infwarerr.sty
Package: infwarerr 2019/12/03 v1.5 Providing info/warning/error messages (HO)
)
Package pdftexcmds Info: \pdf@primitive is available.
Package pdftexcmds Info: \pdf@ifprimitive is available.
Package pdftexcmds Info: \pdfdraftmode found.
))
(/opt/texlive/texdir/texmf-dist/tex/latex/hycolor/hycolor.sty
Package: hycolor 2020-01-27 v1.10 Color options for hyperref/bookmark (HO)
)
(/opt/texlive/texdir/texmf-dist/tex/latex/hyperref/nameref.sty
Package: nameref 2025-06-21 v2.57 Cross-referencing by name of section

(/opt/texlive/texdir/texmf-dist/tex/latex/refcount/refcount.sty
Package: refcount 2019/12/15 v3.6 Data extraction from label references (HO)
)
(/opt/texlive/texdir/texmf-dist/tex/generic/gettitlestring/gettitlestring.sty
Package: gettitlestring 2019/12/15 v1.6 Cleanup title references (HO)

(/opt/texlive/texdir/texmf-dist/tex/latex/kvoptions/kvoptions.sty
Package: kvoptions 2022-06-15 v3.15 Key value format for package options (HO)
))
\c@section@level=\count295
)
(/opt/texlive/texdir/texmf-dist/tex/latex/etoolbox/etoolbox.sty
Package: etoolbox 2025/10/02 v2.5m e-TeX tools for LaTeX (JAW)
\etb@tempcnta=\count296
)
(/opt/texlive/texdir/texmf-dist/tex/generic/stringenc/stringenc.sty
Package: stringenc 2019/11/29 v1.12 Convert strings between diff. encodings (HO
)
)
\@linkdim=\dimen160
\Hy@linkcounter=\count297
\Hy@pagecounter=\count298

(/opt/texlive/texdir/texmf-dist/tex/latex/hyperref/pd1enc.def
File: pd1enc.def 2025-07-12 v7.01o Hyperref: PDFDocEncoding definition (HO)
Now handling font encoding PD1 ...
... no UTF-8 mapping file for font encoding PD1
)
(/opt/texlive/texdir/texmf-dist/tex/generic/intcalc/intcalc.sty
Package: intcalc 2019/12/15 v1.3 Expandable calculations with integers (HO)
)
\Hy@SavedSpaceFactor=\count299

(/opt/texlive/texdir/texmf-dist/tex/latex/hyperref/puenc.def
File: puenc.def 2025-07-12 v7.01o Hyperref: PDF Unicode definition (HO)
Now handling font encoding PU ...
... no UTF-8 mapping file for font encoding PU
)
Package hyperref Info: Option `colorlinks' set `true' on input line 4066.
Package hyperref Info: Option `bookmarks' set `false' on input line 4066.
Package hyperref Info: Hyper figures OFF on input line 4195.
Package hyperref Info: Link nesting OFF on input line 4200.
Package hyperref Info: Hyper index ON on input line 4203.
Package hyperref Info: Plain pages OFF on input line 4210.
Package hyperref Info: Backreferencing OFF on input line 4215.
Package hyperref Info: Implicit mode ON; LaTeX internals redefined.
Package hyperref Info: Bookmarks OFF on input line 4468.
\c@Hy@tempcnt=\count300
LaTeX Info: Redefining \url on input line 4801.
\XeTeXLinkMargin=\dimen161

(/opt/texlive/texdir/texmf-dist/tex/generic/bitset/bitset.sty
Package: bitset 2019/12/09 v1.3 Handle bit-vector datatype (HO)

(/opt/texlive/texdir/texmf-dist/tex/generic/bigintcalc/bigintcalc.sty
Package: bigintcalc 2019/12/15 v1.5 Expandable calculations on big integers (HO
)
))
\Fld@menulength=\count301
\Field@Width=\dimen162
\Fld@charsize=\dimen163
Package hyperref Info: Hyper figures OFF on input line 6078.
Package hyperref Info: Link nesting OFF on input line 6083.
Package hyperref Info: Hyper index ON on input line 6086.
Package hyperref Info: backreferencing OFF on input line 6093.
Package hyperref Info: Link coloring ON on input line 6096.
Package hyperref Info: Link coloring with OCG OFF on input line 6103.
Package hyperref Info: PDF/A mode OFF on input line 6108.
\Hy@abspage=\count302
\c@Item=\count303
\c@Hfootnote=\count304
)
Package hyperref Info: Driver (autodetected): hpdftex.

(/opt/texlive/texdir/texmf-dist/tex/latex/hyperref/hpdftex.def
File: hpdftex.def 2025-07-12 v7.01o Hyperref driver for pdfTeX
\Fld@listcount=\count305
\c@bookmark@seq@number=\count306

(/opt/texlive/texdir/texmf-dist/tex/latex/rerunfilecheck/rerunfilecheck.sty
Package: rerunfilecheck 2025-06-21 v1.11 Rerun checks for auxiliary files (HO)

(/opt/texlive/texdir/texmf-dist/tex/generic/uniquecounter/uniquecounter.sty
Package: uniquecounter 2019/12/15 v1.4 Provide unlimited unique counter (HO)
)
Package uniquecounter Info: New unique counter `rerunfilecheck' on input line 2
84.
)
\Hy@SectionHShift=\skip54
)
LaTeX Font Info:    Trying to load font information for OT1+ptm on input line 2
2.

(/opt/texlive/texdir/texmf-dist/tex/latex/psnfss/ot1ptm.fd
File: ot1ptm.fd 2001/06/04 font definitions for OT1/ptm.
)
(/opt/texlive/texdir/texmf-dist/tex/latex/l3backend/l3backend-pdftex.def
File: l3backend-pdftex.def 2025-10-09 L3 backend support: PDF output (pdfTeX)
\l__color_backend_stack_int=\count307
)
(./gdsfactory.aux)
\openout1 = `gdsfactory.aux'.

LaTeX Font Info:    Checking defaults for OML/cmm/m/it on input line 22.
LaTeX Font Info:    ... okay on input line 22.
LaTeX Font Info:    Checking defaults for OMS/cmsy/m/n on input line 22.
LaTeX Font Info:    ... okay on input line 22.
LaTeX Font Info:    Checking defaults for OT1/cmr/m/n on input line 22.
LaTeX Font Info:    ... okay on input line 22.
LaTeX Font Info:    Checking defaults for T1/cmr/m/n on input line 22.
LaTeX Font Info:    ... okay on input line 22.
LaTeX Font Info:    Checking defaults for TS1/cmr/m/n on input line 22.
LaTeX Font Info:    ... okay on input line 22.
LaTeX Font Info:    Checking defaults for OMX/cmex/m/n on input line 22.
LaTeX Font Info:    ... okay on input line 22.
LaTeX Font Info:    Checking defaults for U/cmr/m/n on input line 22.
LaTeX Font Info:    ... okay on input line 22.
LaTeX Font Info:    Checking defaults for PD1/pdf/m/n on input line 22.
LaTeX Font Info:    ... okay on input line 22.
LaTeX Font Info:    Checking defaults for PU/pdf/m/n on input line 22.
LaTeX Font Info:    ... okay on input line 22.

(/opt/texlive/texdir/texmf-dist/tex/context/base/mkii/supp-pdf.mkii
[Loading MPS to PDF converter (version 2006.09.02).]
\scratchcounter=\count308
\scratchdimen=\dimen164
\scratchbox=\box55
\nofMPsegments=\count309
\nofMParguments=\count310
\everyMPshowfont=\toks23
\MPscratchCnt=\count311
\MPscratchDim=\dimen165
\MPnumerator=\count312
\makeMPintoPDFobject=\count313
\everyMPtoPDFconversion=\toks24
) (/opt/texlive/texdir/texmf-dist/tex/latex/epstopdf-pkg/epstopdf-base.sty
Package: epstopdf-base 2020-01-24 v2.11 Base part for package epstopdf
Package epstopdf-base Info: Redefining graphics rule for `.eps' on input line 4
85.

(/opt/texlive/texdir/texmf-dist/tex/latex/latexconfig/epstopdf-sys.cfg
File: epstopdf-sys.cfg 2010/07/13 v1.3 Configuration of (r)epstopdf for TeX Liv
e
))
(/opt/texlive/texdir/texmf-dist/tex/latex/graphics/color.sty
Package: color 2025/01/14 v1.3e Standard LaTeX Color (DPC)

(/opt/texlive/texdir/texmf-dist/tex/latex/graphics-cfg/color.cfg
File: color.cfg 2016/01/02 v1.6 sample color configuration
)
Package color Info: Driver file: pdftex.def on input line 149.

(/opt/texlive/texdir/texmf-dist/tex/latex/graphics/mathcolor.ltx))
Package hyperref Info: Link coloring ON on input line 22.
LaTeX Font Info:    Trying to load font information for OT1+ztmcm on input line
 39.

(/opt/texlive/texdir/texmf-dist/tex/latex/psnfss/ot1ztmcm.fd
File: ot1ztmcm.fd 2000/01/03 Fontinst v1.801 font definitions for OT1/ztmcm.
)
LaTeX Font Info:    Trying to load font information for OML+ztmcm on input line
 39.

(/opt/texlive/texdir/texmf-dist/tex/latex/psnfss/omlztmcm.fd
File: omlztmcm.fd 2000/01/03 Fontinst v1.801 font definitions for OML/ztmcm.
)
LaTeX Font Info:    Trying to load font information for OMS+ztmcm on input line
 39.

(/opt/texlive/texdir/texmf-dist/tex/latex/psnfss/omsztmcm.fd
File: omsztmcm.fd 2000/01/03 Fontinst v1.801 font definitions for OMS/ztmcm.
)
LaTeX Font Info:    Trying to load font information for OMX+ztmcm on input line
 39.

(/opt/texlive/texdir/texmf-dist/tex/latex/psnfss/omxztmcm.fd
File: omxztmcm.fd 2000/01/03 Fontinst v1.801 font definitions for OMX/ztmcm.
)
LaTeX Font Info:    Font shape `OT1/ptm/bx/n' in size <10> not available
(Font)              Font shape `OT1/ptm/b/n' tried instead on input line 39.
LaTeX Font Info:    Font shape `OT1/ptm/bx/n' in size <7.4> not available
(Font)              Font shape `OT1/ptm/b/n' tried instead on input line 39.
LaTeX Font Info:    Font shape `OT1/ptm/bx/n' in size <6> not available
(Font)              Font shape `OT1/ptm/b/n' tried instead on input line 39.
LaTeX Font Info:    Font shape `OT1/ptm/bx/n' in size <9> not available
(Font)              Font shape `OT1/ptm/b/n' tried instead on input line 39.
LaTeX Font Info:    Font shape `OT1/ptm/bx/n' in size <7> not available
(Font)              Font shape `OT1/ptm/b/n' tried instead on input line 39.
LaTeX Font Info:    Font shape `OT1/ptm/bx/n' in size <5> not available
(Font)              Font shape `OT1/ptm/b/n' tried instead on input line 39.
<figures/flow/flow.pdf, id=7, 963.6pt x 542.025pt>
File: figures/flow/flow.pdf Graphic file (type pdf)
<use figures/flow/flow.pdf>
Package pdftex.def Info: figures/flow/flow.pdf  used on input line 52.
(pdftex.def)             Requested size: 227.62204pt x 128.03754pt.

./gdsfactory.tex:59: Missing $ inserted.
<inserted text> 
                $
l.59 ...utomatic routing via \texttt{route_bundle}
                                                   that defines an automated...
I've inserted a begin-math/end-math symbol since I think
you left one out. Proceed, with fingers crossed.

./gdsfactory.tex:59: Extra }, or forgotten $.
<recently read> \egroup 
                        
l.59 ...utomatic routing via \texttt{route_bundle}
                                                   that defines an automated...
I've deleted a group-closing symbol because it seems to be
spurious, as in `$x}$'. But perhaps the } is legitimate and
you forgot something else, as in `\hbox{$x}'. In such cases
the way to recover is to insert both the forgotten and the
deleted material, e.g., by typing `I$}'.

./gdsfactory.tex:60: Missing $ inserted.
<inserted text> 
                $
l.60 
     
I've inserted a begin-math/end-math symbol since I think
you left one out. Proceed, with fingers crossed.


Overfull \hbox (115.0082pt too wide) in paragraph at lines 59--60
\OT1/ptm/m/n/10 data en-ables au-to-matic rout-ing via \OT1/cmtt/m/n/10 route$[
]\OML/ztmcm/m/it/10 undlethatdefinesanautomatedroutebetweengroupsofportsbasedon
theirtypes\OT1/ztmcm/m/n/10 (\OML/ztmcm/m/it/10 optical; electrical; etc:\OT1/z
tmcm/m/n/10 )\OML/ztmcm/m/it/10 :$ 
 []


Overfull \hbox (34.24062pt too wide) in paragraph at lines 63--64
\OT1/cmtt/m/n/10 GDSFactory's gplugins repository [[][]2[][]] provides unified 
interfaces to device simulators by reusing
 []


Overfull \hbox (2.74089pt too wide) in paragraph at lines 63--64
\OT1/cmtt/m/n/10 layout abstractions. Components can be meshed via GMSH for cro
ss-sectional or 3D analysis
 []

<figures/gmsh/dessin.pdf, id=11, 2865.70625pt x 664.4825pt>
File: figures/gmsh/dessin.pdf Graphic file (type pdf)
<use figures/gmsh/dessin.pdf>
Package pdftex.def Info: figures/gmsh/dessin.pdf  used on input line 67.
(pdftex.def)             Requested size: 227.62204pt x 52.77438pt.

Overfull \hbox (36.55824pt too wide) in paragraph at lines 72--73
[]\OT1/cmtt/m/n/10 Full-wave electromagnetic simulation is supported through op
en-source FDTD backends including
 []


Overfull \hbox (60.49039pt too wide) in paragraph at lines 72--73
\OT1/cmtt/m/n/10 MEEP [[][]5[][]] and Luminescent AI, as well as proprietary so
lvers Tidy3D [[][]6[][]] (cloud-based GPU acceleration)
 []


Overfull \hbox (34.24062pt too wide) in paragraph at lines 72--73
\OT1/cmtt/m/n/10 and Lumerical FDTD. FEM and multiphysics solvers include Femwe
ll [[][]7[][]] for waveguide mode analysis
 []


Overfull \hbox (28.99066pt too wide) in paragraph at lines 72--73
\OT1/cmtt/m/n/10 and thermal simulation, Palace [[][]9[][]] for RF and microwav
e simulations, MPB for photonic crystals,
 []


Overfull \hbox (7.99084pt too wide) in paragraph at lines 72--73
\OT1/cmtt/m/n/10 and MEOW for eigenmode expansion. TCAD simulation uses DEVSIM 
[[][]8[][]] for semiconductor device
 []

[1

{/opt/texlive/texdir/texmf-var/fonts/map/pdftex/updmap/pdftex.map}{/opt/texlive
/texdir/texmf-dist/fonts/enc/dvips/base/8r.enc} <./figures/flow/flow.pdf>]
Overfull \hbox (13.2408pt too wide) in paragraph at lines 76--77
\OT1/cmtt/m/n/10 Circuit-level simulation enables system-scale photonic design 
through netlist extraction and
 []


Overfull \hbox (28.99066pt too wide) in paragraph at lines 76--77
\OT1/cmtt/m/n/10 S-parameter composition. SAX [[][]10[][]] provides differentia
ble S-parameter circuit simulation using
 []


Overfull \hbox (28.99066pt too wide) in paragraph at lines 76--77
\OT1/cmtt/m/n/10 JAX, supporting automatic differentiation for gradient-based o
ptimization, Monte Carlo analysis
 []


Overfull \hbox (7.99084pt too wide) in paragraph at lines 76--77
\OT1/cmtt/m/n/10 for yield estimation, and wavelength-dependent S-parameter int
erpolation from FDTD results.
 []


Overfull \hbox (20.23987pt too wide) in paragraph at lines 80--81
\OT1/cmtt/m/n/10 Open-source PDKs include GlobalFoundries 180nm, SkyWater 130nm
 [[][]11[][]], VTT 3\TS1/cmtt/m/n/10 µ\OT1/cmtt/m/n/10 m SOI, and SiEPIC.
 []


Overfull \hbox (18.49075pt too wide) in paragraph at lines 80--81
\OT1/cmtt/m/n/10 Commercial PDKs under NDA include AIM, AMF, TowerSemi, IMEC, a
nd HHI. The generic PDK follows
 []


Overfull \hbox (28.99066pt too wide) in paragraph at lines 84--85
\OT1/cmtt/m/n/10 GDSFactory provides a unified Python-driven workflow spanning 
layout design, device simulation,
 []


Overfull \hbox (23.7407pt too wide) in paragraph at lines 84--85
\OT1/cmtt/m/n/10 and circuit simulation. The tight integration between FDTD sol
vers (MEEP, Tidy3D, Lumerical),
 []


Overfull \hbox (18.49075pt too wide) in paragraph at lines 84--85
\OT1/cmtt/m/n/10 FEM tools (Femwell, DEVSIM), and circuit simulators (SAX) enab
les rapid design iteration from
 []


Overfull \hbox (18.49075pt too wide) in paragraph at lines 84--85
\OT1/cmtt/m/n/10 component to system level. The library is freely available at 
[][]$https : / / github . com / GDSFactory /
 []


Underfull \hbox (badness 10000) in paragraph at lines 88--89
[]\OT1/cmtt/m/n/10 J. Matres \OT1/cmtt/m/it/10 et al.\OT1/cmtt/m/n/10 , ``GDSFa
ctory,'' GitHub (2024), [][]$https : / / github . com / GDSFactory /
 []


Underfull \hbox (badness 10000) in paragraph at lines 90--91
[]\OT1/cmtt/m/n/10 J. Matres \OT1/cmtt/m/it/10 et al.\OT1/cmtt/m/n/10 , ``gplug
ins,'' GitHub (2024), [][]$https : / / github . com / gdsfactory /
 []

LaTeX Font Info:    Font shape `OT1/cmtt/bx/n' in size <10> not available
(Font)              Font shape `OT1/cmtt/m/n' tried instead on input line 92.

Underfull \hbox (badness 10000) in paragraph at lines 92--93
[]\OT1/cmtt/m/n/10 W. Bogaerts \OT1/cmtt/m/it/10 et al.\OT1/cmtt/m/n/10 , ``Sil
icon photonics circuit design: methods, tools and
 []


Underfull \hbox (badness 10000) in paragraph at lines 96--97
[]\OT1/cmtt/m/n/10 A. F. Oskooi \OT1/cmtt/m/it/10 et al.\OT1/cmtt/m/n/10 , ``ME
EP: A flexible free-software package for electromagnetic
 []


Underfull \hbox (badness 10000) in paragraph at lines 100--101
[]\OT1/cmtt/m/n/10 H. Gehring \OT1/cmtt/m/it/10 et al.\OT1/cmtt/m/n/10 , ``Femw
ell,'' GitHub (2023), [][]$https : / / github . com / HelgeGehring /
 []


Underfull \hbox (badness 10000) in paragraph at lines 104--105
[]\OT1/cmtt/m/n/10 AWS, ``Palace: 3D Finite Element Solver for Computational El
ectromagnetics,''
 []


Underfull \hbox (badness 10000) in paragraph at lines 108--109
[]\OT1/cmtt/m/n/10 SkyWater Technology Foundry and Google, ``SkyWater Open Sour
ce PDK,'' GitHub (2023),
 []

[2{/opt/texlive/texdir/texmf-dist/fonts/enc/dvips/cm-super/cm-super-ts1.enc} <.
/figures/gmsh/dessin.pdf>] (./gdsfactory.aux)
 ***********
LaTeX2e <2025-11-01>
L3 programming layer <2025-12-29>
 ***********
 )
(\end occurred inside a group at level 1)

### simple group (level 1) entered at line 59 ({)
### bottom level 
Here is how much of TeX's memory you used:
 10005 strings out of 467538
 151249 string characters out of 5421637
 567734 words of memory out of 5000000
 38757 multiletter control sequences out of 15000+600000
 662613 words of font info for 111 fonts, out of 8000000 for 9000
 1141 hyphenation exceptions out of 8191
 75i,6n,79p,619b,568s stack positions out of 10000i,1000n,20000p,200000b,200000s
</opt/texlive/texdir/texmf-dist/fonts/type1/public/amsfonts/cm/
cmitt10.pfb></opt/texlive/texdir/texmf-dist/fonts/type1/public/amsfonts/cm/cmmi
10.pfb></opt/texlive/texdir/texmf-dist/fonts/type1/public/amsfonts/cm/cmr10.pfb
></opt/texlive/texdir/texmf-dist/fonts/type1/public/amsfonts/cm/cmtt10.pfb></op
t/texlive/texdir/texmf-dist/fonts/type1/public/cm-super/sftt1000.pfb></opt/texl
ive/texdir/texmf-dist/fonts/type1/urw/times/utmb8a.pfb></opt/texlive/texdir/tex
mf-dist/fonts/type1/urw/times/utmr8a.pfb></opt/texlive/texdir/texmf-dist/fonts/
type1/urw/times/utmri8a.pfb>
Output written on gdsfactory.pdf (2 pages, 509149 bytes).
PDF statistics:
 127 PDF objects out of 1000 (max. 8388607)
 97 compressed objects within 1 object stream
 24 named destinations out of 1000 (max. 500000)
 11 words of extra memory for PDF output out of 10000 (max. 10000000)

